Using pre-set license
Built from '2020.3/release' branch; Version is '2020.3.1f1 (77a89f25062f) revision 7841951'; Using compiler version '192528614'; Build Type 'Release'
OS: 'Windows 10 Home; OS build 19042.1237; Version 2009; 64bit' Language: 'en' Physical Memory: 12270 MB
BatchMode: 1, IsHumanControllingUs: 0, StartBugReporterOnCrash: 0, Is64bit: 1, IsPro: 0

 COMMAND LINE ARGUMENTS:
E:\Unity Editors\2020.3.1f1\Editor\Unity.exe
-adb2
-batchMode
-noUpm
-name
AssetImportWorker1
-projectPath
E:/Unity/Bat-Trail/Bat Trail
-logFile
Logs/AssetImportWorker1.log
-srvPort
55137
Successfully changed project path to: E:/Unity/Bat-Trail/Bat Trail
E:/Unity/Bat-Trail/Bat Trail
Using Asset Import Pipeline V2.
Refreshing native plugins compatible for Editor in 60.10 ms, found 1 plugins.
Preloading 0 native plugins for Editor in 0.00 ms.
Initialize engine version: 2020.3.1f1 (77a89f25062f)
[Subsystems] Discovering subsystems at path E:/Unity Editors/2020.3.1f1/Editor/Data/Resources/UnitySubsystems
[Subsystems] Discovering subsystems at path E:/Unity/Bat-Trail/Bat Trail/Assets
GfxDevice: creating device client; threaded=0
Direct3D:
    Version:  Direct3D 11.0 [level 11.1]
    Renderer: Radeon RX 570 Series (ID=0x67df)
    Vendor:   
    VRAM:     8171 MB
    Driver:   27.20.14501.18003
Initialize mono
Mono path[0] = 'E:/Unity Editors/2020.3.1f1/Editor/Data/Managed'
Mono path[1] = 'E:/Unity Editors/2020.3.1f1/Editor/Data/MonoBleedingEdge/lib/mono/unityjit'
Mono config path = 'E:/Unity Editors/2020.3.1f1/Editor/Data/MonoBleedingEdge/etc'
Using monoOptions --debugger-agent=transport=dt_socket,embedding=1,server=y,suspend=n,address=127.0.0.1:56640
Begin MonoManager ReloadAssembly
Registering precompiled unity dll's ...
Register platform support module: E:/Unity Editors/2020.3.1f1/Editor/Data/PlaybackEngines/WindowsStandaloneSupport/UnityEditor.WindowsStandalone.Extensions.dll
Registered in 0.002245 seconds.
Native extension for WindowsStandalone target not found
Refreshing native plugins compatible for Editor in 58.43 ms, found 1 plugins.
Preloading 0 native plugins for Editor in 0.00 ms.
Invoked RoslynAnalysisRunner static constructor.
RoslynAnalysisRunner will not be running.
RoslynAnalysisRunner has terminated.
Mono: successfully reloaded assembly
- Completed reload, in  3.839 seconds
Platform modules already initialized, skipping
Registering precompiled user dll's ...
Registered in 0.002937 seconds.
Begin MonoManager ReloadAssembly
Native extension for WindowsStandalone target not found
Refreshing native plugins compatible for Editor in 57.91 ms, found 1 plugins.
Preloading 0 native plugins for Editor in 0.00 ms.
Invoked RoslynAnalysisRunner static constructor.
RoslynAnalysisRunner will not be running.
RoslynAnalysisRunner has terminated.
Mono: successfully reloaded assembly
- Completed reload, in  1.551 seconds
Platform modules already initialized, skipping
========================================================================
Worker process is ready to serve import requests
Launched and connected shader compiler UnityShaderCompiler.exe after 0.21 seconds
Refreshing native plugins compatible for Editor in 0.50 ms, found 1 plugins.
Preloading 0 native plugins for Editor in 0.00 ms.
Unloading 1820 Unused Serialized files (Serialized files now loaded: 0)
System memory in use before: 85.2 MB.
System memory in use after: 85.3 MB.

Unloading 21 unused Assets to reduce memory usage. Loaded Objects now: 2273.
Total: 3.010000 ms (FindLiveObjects: 0.331600 ms CreateObjectMapping: 0.265500 ms MarkObjects: 2.278600 ms  DeleteObjects: 0.132800 ms)

========================================================================
Received Import Request.
  path: Assets/Resources/Sprites/Protoflag.png
  artifactKey: Guid(760960cf62414e1479b35d735fb3ba9f) Importer(815301076,1909f56bfc062723c751e8b465ee728b)
Start importing Assets/Resources/Sprites/Protoflag.png using Guid(760960cf62414e1479b35d735fb3ba9f) Importer(815301076,1909f56bfc062723c751e8b465ee728b)  -> (artifact id: 'eb1fe359c63ec60c703ddf78b3e0da5d') in 0.296436 seconds
  Import took 0.321451 seconds .

========================================================================
Received Import Request.
  Time since last request: 72.563160 seconds.
  path: Assets/Resources/Sprites/Protoflag 1.png
  artifactKey: Guid(dbd49df7397956c42bfc8e5a476cc88a) Importer(815301076,1909f56bfc062723c751e8b465ee728b)
Start importing Assets/Resources/Sprites/Protoflag 1.png using Guid(dbd49df7397956c42bfc8e5a476cc88a) Importer(815301076,1909f56bfc062723c751e8b465ee728b)  -> (artifact id: 'e0c7c08327a8f45e188668be5bc8f30f') in 0.020317 seconds
  Import took 0.024503 seconds .

========================================================================
Received Import Request.
  Time since last request: 24.742558 seconds.
  path: Assets/Resources/Sprites/Protoflag 1.png
  artifactKey: Guid(dbd49df7397956c42bfc8e5a476cc88a) Importer(815301076,1909f56bfc062723c751e8b465ee728b)
Start importing Assets/Resources/Sprites/Protoflag 1.png using Guid(dbd49df7397956c42bfc8e5a476cc88a) Importer(815301076,1909f56bfc062723c751e8b465ee728b)  -> (artifact id: 'ee0288dc11ad3d732ab36f26fcab0d89') in 0.009581 seconds
  Import took 0.022267 seconds .

